willy.cs.mcgill.ca: 1289508397760
lab2-3: 1289508397925
lab2-3: 1289508397926
willy.cs.mcgill.ca: 1289508397779
willy.cs.mcgill.ca: 1289508397787
willy.cs.mcgill.ca: 1289508397830
willy.cs.mcgill.ca: 1289508397830
willy.cs.mcgill.ca: 1289508397836
willy.cs.mcgill.ca: 1289508397836
willy.cs.mcgill.ca: 1289508397843
lab2-3: 1289508397950
lab2-3: 1289508397951
willy.cs.mcgill.ca: 1289508397846
willy.cs.mcgill.ca: 1289508397848
willy.cs.mcgill.ca: 1289508397854
willy.cs.mcgill.ca: 1289508397854
willy.cs.mcgill.ca: 1289508397858
lab2-3: 1289508397963
lab2-3: 1289508397964
willy.cs.mcgill.ca: 1289508397861
willy.cs.mcgill.ca: 1289508397861
willy.cs.mcgill.ca: 1289508397867
willy.cs.mcgill.ca: 1289508397867
willy.cs.mcgill.ca: 1289508397871
willy.cs.mcgill.ca: 1289508397871
willy.cs.mcgill.ca: 1289508397875
willy.cs.mcgill.ca: 1289508397875
willy.cs.mcgill.ca: 1289508397878
lab2-3: 1289508397983
lab2-3: 1289508397984
willy.cs.mcgill.ca: 1289508397881
willy.cs.mcgill.ca: 1289508397881
willy.cs.mcgill.ca: 1289508397888
willy.cs.mcgill.ca: 1289508397888
willy.cs.mcgill.ca: 1289508397891
willy.cs.mcgill.ca: 1289508407916
willy.cs.mcgill.ca: 1289508407916
willy.cs.mcgill.ca: 1289508407919
willy.cs.mcgill.ca: 1289508407919
willy.cs.mcgill.ca: 1289508407924
lab2-3: 1289508408029
lab2-3: 1289508408030
willy.cs.mcgill.ca: 1289508407927
willy.cs.mcgill.ca: 1289508407927
willy.cs.mcgill.ca: 1289508407933
willy.cs.mcgill.ca: 1289508407933
lab2-3: 1289508408051
lab2-3: 1289508408052
willy.cs.mcgill.ca: 1289508407938
willy.cs.mcgill.ca: 1289508407938
willy.cs.mcgill.ca: 1289508407955
willy.cs.mcgill.ca: 1289508407955
willy.cs.mcgill.ca: 1289508407959
willy.cs.mcgill.ca: 1289508407960
willy.cs.mcgill.ca: 1289508407969
lab2-3: 1289508408085
lab2-3: 1289508408086
willy.cs.mcgill.ca: 1289508407972
willy.cs.mcgill.ca: 1289508407972
willy.cs.mcgill.ca: 1289508407989
willy.cs.mcgill.ca: 1289508407989
willy.cs.mcgill.ca: 1289508407992
willy.cs.mcgill.ca: 1289508418005
willy.cs.mcgill.ca: 1289508418005
willy.cs.mcgill.ca: 1289508418007
willy.cs.mcgill.ca: 1289508418007
willy.cs.mcgill.ca: 1289508418010
lab2-3: 1289508418124
lab2-3: 1289508418126
willy.cs.mcgill.ca: 1289508418012
willy.cs.mcgill.ca: 1289508418012
willy.cs.mcgill.ca: 1289508418029
willy.cs.mcgill.ca: 1289508418029
lab2-3: 1289508418133
lab2-3: 1289508418135
willy.cs.mcgill.ca: 1289508418031
willy.cs.mcgill.ca: 1289508418032
willy.cs.mcgill.ca: 1289508418037
willy.cs.mcgill.ca: 1289508418037
willy.cs.mcgill.ca: 1289508418040
willy.cs.mcgill.ca: 1289508418040
