mimi.cs.mcgill.ca: 1289509218472
willy.cs.mcgill.ca: 1289509218374
lab2-3: 1289509218539
lab2-3: 1289509218540
willy.cs.mcgill.ca: 1289509218391
willy.cs.mcgill.ca: 1289509218399
willy.cs.mcgill.ca: 1289509218440
willy.cs.mcgill.ca: 1289509218440
mimi.cs.mcgill.ca: 1289509218473
mimi.cs.mcgill.ca: 1289509218527
mimi.cs.mcgill.ca: 1289509218534
willy.cs.mcgill.ca: 1289509218444
willy.cs.mcgill.ca: 1289509218445
mimi.cs.mcgill.ca: 1289509218537
willy.cs.mcgill.ca: 1289509218451
mimi.cs.mcgill.ca: 1289509218549
lab2-3: 1289509218563
lab2-3: 1289509218564
willy.cs.mcgill.ca: 1289509218454
willy.cs.mcgill.ca: 1289509218456
willy.cs.mcgill.ca: 1289509218462
willy.cs.mcgill.ca: 1289509218462
mimi.cs.mcgill.ca: 1289509218552
willy.cs.mcgill.ca: 1289509218466
mimi.cs.mcgill.ca: 1289509218562
lab2-3: 1289509218576
lab2-3: 1289509218577
willy.cs.mcgill.ca: 1289509218469
willy.cs.mcgill.ca: 1289509218469
willy.cs.mcgill.ca: 1289509218475
willy.cs.mcgill.ca: 1289509218475
mimi.cs.mcgill.ca: 1289509218565
willy.cs.mcgill.ca: 1289509218479
willy.cs.mcgill.ca: 1289509218479
mimi.cs.mcgill.ca: 1289509218569
willy.cs.mcgill.ca: 1289509218482
willy.cs.mcgill.ca: 1289509218482
mimi.cs.mcgill.ca: 1289509218573
willy.cs.mcgill.ca: 1289509218486
mimi.cs.mcgill.ca: 1289509218583
lab2-3: 1289509218597
lab2-3: 1289509218598
willy.cs.mcgill.ca: 1289509218490
willy.cs.mcgill.ca: 1289509218490
willy.cs.mcgill.ca: 1289509218496
willy.cs.mcgill.ca: 1289509218496
mimi.cs.mcgill.ca: 1289509218586
willy.cs.mcgill.ca: 1289509218500
mimi.cs.mcgill.ca: 1289509228608
willy.cs.mcgill.ca: 1289509228522
willy.cs.mcgill.ca: 1289509228523
mimi.cs.mcgill.ca: 1289509228612
willy.cs.mcgill.ca: 1289509228525
willy.cs.mcgill.ca: 1289509228525
mimi.cs.mcgill.ca: 1289509228615
willy.cs.mcgill.ca: 1289509228529
mimi.cs.mcgill.ca: 1289509228625
lab2-3: 1289509228638
lab2-3: 1289509228639
willy.cs.mcgill.ca: 1289509228531
willy.cs.mcgill.ca: 1289509228531
willy.cs.mcgill.ca: 1289509228537
willy.cs.mcgill.ca: 1289509228537
lab2-3: 1289509228661
lab2-3: 1289509228663
willy.cs.mcgill.ca: 1289509228543
willy.cs.mcgill.ca: 1289509228543
willy.cs.mcgill.ca: 1289509228561
willy.cs.mcgill.ca: 1289509228561
mimi.cs.mcgill.ca: 1289509228626
mimi.cs.mcgill.ca: 1289509228648
mimi.cs.mcgill.ca: 1289509228658
willy.cs.mcgill.ca: 1289509228565
willy.cs.mcgill.ca: 1289509228565
mimi.cs.mcgill.ca: 1289509228661
willy.cs.mcgill.ca: 1289509228575
lab2-3: 1289509228695
lab2-3: 1289509228696
willy.cs.mcgill.ca: 1289509228578
willy.cs.mcgill.ca: 1289509228578
willy.cs.mcgill.ca: 1289509228594
willy.cs.mcgill.ca: 1289509228594
mimi.cs.mcgill.ca: 1289509228661
mimi.cs.mcgill.ca: 1289509228681
mimi.cs.mcgill.ca: 1289509228683
willy.cs.mcgill.ca: 1289509228597
mimi.cs.mcgill.ca: 1289509238698
willy.cs.mcgill.ca: 1289509238612
willy.cs.mcgill.ca: 1289509238612
mimi.cs.mcgill.ca: 1289509238701
willy.cs.mcgill.ca: 1289509238615
willy.cs.mcgill.ca: 1289509238615
mimi.cs.mcgill.ca: 1289509238703
willy.cs.mcgill.ca: 1289509238617
lab2-3: 1289509238737
lab2-3: 1289509238739
willy.cs.mcgill.ca: 1289509238620
willy.cs.mcgill.ca: 1289509238620
willy.cs.mcgill.ca: 1289509238637
willy.cs.mcgill.ca: 1289509238637
mimi.cs.mcgill.ca: 1289509238703
mimi.cs.mcgill.ca: 1289509238723
mimi.cs.mcgill.ca: 1289509238732
lab2-3: 1289509238746
lab2-3: 1289509238748
willy.cs.mcgill.ca: 1289509238640
willy.cs.mcgill.ca: 1289509238640
willy.cs.mcgill.ca: 1289509238646
willy.cs.mcgill.ca: 1289509238646
mimi.cs.mcgill.ca: 1289509238734
willy.cs.mcgill.ca: 1289509238648
willy.cs.mcgill.ca: 1289509238649
